[0.443s] Invoking command in '/home/wujiashu0421/Roarm_ROS/src/arm_controller': AMENT_PREFIX_PATH=/home/wujiashu0421/Roarm_ROS/install/arm_controller:/home/wujiashu0421/Roarm_ROS/install/serial_ctrl:/home/wujiashu0421/Roarm_ROS/install/roarm:/home/wujiashu0421/Roarm_ROS/install/arm_Controller:/home/wujiashu0421/Roarm_ROS/install/Arm_Controller:/opt/ros/humble PYTEST_ADDOPTS=--tb=short --junit-xml=/home/wujiashu0421/Roarm_ROS/build/arm_controller/pytest.xml --junit-prefix=arm_controller -o cache_dir=/home/wujiashu0421/Roarm_ROS/build/arm_controller/.pytest_cache PYTHONPATH=/home/wujiashu0421/Roarm_ROS/build/arm_controller:/home/wujiashu0421/Roarm_ROS/install/arm_controller/lib/python3.10/site-packages:/home/wujiashu0421/Roarm_ROS/build/serial_ctrl:/home/wujiashu0421/Roarm_ROS/install/serial_ctrl/lib/python3.10/site-packages:/home/wujiashu0421/Roarm_ROS/build/arm_Controller:/home/wujiashu0421/Roarm_ROS/install/arm_Controller/lib/python3.10/site-packages:/home/wujiashu0421/Roarm_ROS/build/Arm_Controller:/home/wujiashu0421/Roarm_ROS/install/Arm_Controller/lib/python3.10/site-packages:/opt/ros/humble/lib/python3.10/site-packages:/opt/ros/humble/local/lib/python3.10/dist-packages /usr/bin/python3 -m pytest
[0.730s] [1m============================= test session starts ==============================[0m
[0.730s] platform linux -- Python 3.10.12, pytest-6.2.5, py-1.10.0, pluggy-0.13.0
[0.735s] cachedir: /home/wujiashu0421/Roarm_ROS/build/arm_controller/.pytest_cache
[0.735s] rootdir: /home/wujiashu0421/Roarm_ROS/src/arm_controller
[0.735s] plugins: ament-xmllint-0.12.9, launch-testing-1.0.4, ament-pep257-0.12.9, ament-lint-0.12.9, ament-copyright-0.12.9, launch-testing-ros-0.19.6, ament-flake8-0.12.9, colcon-core-0.15.1, cov-3.0.0
[0.840s] [1mcollecting ... [0m[1m
[0.840s] collected 3 items                                                              [0m
[0.840s] 
[0.846s] test/test_copyright.py [33ms[0m[32m                                                 [ 33%][0m
[0.972s] test/test_flake8.py [31mF[0m[31m                                                    [ 66%][0m
[0.980s] test/test_pep257.py [32m.[0m[31m                                                    [100%][0m
[0.980s] 
[0.980s] =================================== FAILURES ===================================
[0.980s] [31m[1m_________________________________ test_flake8 __________________________________[0m
[0.980s] [1m[31mtest/test_flake8.py[0m:23: in test_flake8
[1.030s]     [94massert[39;49;00m rc == [94m0[39;49;00m, \
[1.030s] [1m[31mE   AssertionError: Found 16 code style errors / warnings:[0m
[1.030s] [1m[31mE     ./arm_controller/controller_node.py:6:1: E302 expected 2 blank lines, found 1[0m
[1.030s] [1m[31mE     ./arm_controller/controller_node.py:7:1: W293 blank line contains whitespace[0m
[1.030s] [1m[31mE     ./arm_controller/controller_node.py:12:1: W293 blank line contains whitespace[0m
[1.031s] [1m[31mE     ./arm_controller/controller_node.py:18:5: E266 too many leading '#' for block comment[0m
[1.031s] [1m[31mE     ./arm_controller/controller_node.py:24:5: E266 too many leading '#' for block comment[0m
[1.031s] [1m[31mE     ./arm_controller/controller_node.py:27:1: E305 expected 2 blank lines after class or function definition, found 1[0m
[1.031s] [1m[31mE     ./arm_controller/controller_node.py:29:1: W391 blank line at end of file[0m
[1.031s] [1m[31mE     ./arm_controller/arm_node.py:5:1: F401 'geometry_msgs.msg.Twist' imported but unused[0m
[1.031s] [1m[31mE     ./arm_controller/arm_node.py:5:1: F401 'geometry_msgs.msg.Point' imported but unused[0m
[1.031s] [1m[31mE     ./arm_controller/arm_node.py:8:1: E302 expected 2 blank lines, found 1[0m
[1.031s] [1m[31mE     ./arm_controller/arm_node.py:15:1: W293 blank line contains whitespace[0m
[1.031s] [1m[31mE     ./arm_controller/arm_node.py:17:1: W293 blank line contains whitespace[0m
[1.031s] [1m[31mE     ./arm_controller/arm_node.py:18:9: F841 local variable 'msg' is assigned to but never used[0m
[1.031s] [1m[31mE     ./arm_controller/arm_node.py:22:1: E303 too many blank lines (3)[0m
[1.031s] [1m[31mE     ./arm_controller/arm_node.py:27:1: E305 expected 2 blank lines after class or function definition, found 1[0m
[1.031s] [1m[31mE     ./arm_controller/arm_node.py:28:11: W292 no newline at end of file[0m
[1.031s] [1m[31mE   assert 1 == 0[0m
[1.031s] ----------------------------- Captured stdout call -----------------------------
[1.031s] 
[1.031s] ./arm_controller/controller_node.py:6:1: E302 expected 2 blank lines, found 1
[1.032s] class CommNode(Node):
[1.032s] ^
[1.032s] 
[1.032s] ./arm_controller/controller_node.py:7:1: W293 blank line contains whitespace
[1.032s]     
[1.032s] ^
[1.032s] 
[1.032s] ./arm_controller/controller_node.py:12:1: W293 blank line contains whitespace
[1.032s]     
[1.032s] ^
[1.032s] 
[1.032s] ./arm_controller/controller_node.py:18:5: E266 too many leading '#' for block comment
[1.032s]     ## Initiate ROS 2 communication , equivlent to ROS::start in ros1 i think
[1.032s]     ^
[1.032s] 
[1.033s] ./arm_controller/controller_node.py:24:5: E266 too many leading '#' for block comment
[1.033s]     ## Stop ROS communication service entirely
[1.033s]     ^
[1.033s] 
[1.033s] ./arm_controller/controller_node.py:27:1: E305 expected 2 blank lines after class or function definition, found 1
[1.033s] if __name__ == '__main__':
[1.033s] ^
[1.033s] 
[1.033s] ./arm_controller/controller_node.py:29:1: W391 blank line at end of file
[1.033s] 
[1.033s] ^
[1.033s] 
[1.033s] ./arm_controller/arm_node.py:5:1: F401 'geometry_msgs.msg.Twist' imported but unused
[1.033s] from geometry_msgs.msg import Twist, Point, Pose
[1.033s] ^
[1.033s] 
[1.033s] ./arm_controller/arm_node.py:5:1: F401 'geometry_msgs.msg.Point' imported but unused
[1.033s] from geometry_msgs.msg import Twist, Point, Pose
[1.033s] ^
[1.034s] 
[1.034s] ./arm_controller/arm_node.py:8:1: E302 expected 2 blank lines, found 1
[1.034s] class ArmInfoNode(Node):
[1.034s] ^
[1.034s] 
[1.034s] ./arm_controller/arm_node.py:15:1: W293 blank line contains whitespace
[1.034s]     
[1.034s] ^
[1.034s] 
[1.034s] ./arm_controller/arm_node.py:17:1: W293 blank line contains whitespace
[1.034s]         
[1.034s] ^
[1.034s] 
[1.034s] ./arm_controller/arm_node.py:18:9: F841 local variable 'msg' is assigned to but never used
[1.034s]         msg = Pose()
[1.034s]         ^
[1.035s] 
[1.035s] ./arm_controller/arm_node.py:22:1: E303 too many blank lines (3)
[1.035s] def main(args=None):
[1.035s] ^
[1.035s] 
[1.035s] ./arm_controller/arm_node.py:27:1: E305 expected 2 blank lines after class or function definition, found 1
[1.035s] if __name__ == "__main__":
[1.035s] ^
[1.035s] 
[1.035s] ./arm_controller/arm_node.py:28:11: W292 no newline at end of file
[1.035s]     main()          ^
[1.035s] 
[1.035s] 2     E266 too many leading '#' for block comment
[1.035s] 2     E302 expected 2 blank lines, found 1
[1.035s] 1     E303 too many blank lines (3)
[1.035s] 2     E305 expected 2 blank lines after class or function definition, found 1
[1.035s] 2     F401 'geometry_msgs.msg.Twist' imported but unused
[1.035s] 1     F841 local variable 'msg' is assigned to but never used
[1.035s] 1     W292 no newline at end of file
[1.036s] 4     W293 blank line contains whitespace
[1.036s] 1     W391 blank line at end of file
[1.036s] 
[1.036s] 7 files checked
[1.036s] 16 errors
[1.036s] 
[1.036s] 'E'-type errors: 7
[1.036s] 'F'-type errors: 3
[1.036s] 'W'-type errors: 6
[1.036s] 
[1.036s] Checked files:
[1.036s] 
[1.036s] * ./setup.py
[1.036s] * ./arm_controller/controller_node.py
[1.036s] * ./arm_controller/__init__.py
[1.036s] * ./arm_controller/arm_node.py
[1.036s] * ./test/test_flake8.py
[1.037s] * ./test/test_pep257.py
[1.037s] * ./test/test_copyright.py
[1.037s] ----------------------------- Captured stderr call -----------------------------
[1.037s] option --max-complexity: please update from optparse string `type=` to argparse callable `type=` -- this will be an error in the future
[1.037s] [33m=============================== warnings summary ===============================[0m
[1.037s] test/test_flake8.py::test_flake8
[1.037s] test/test_flake8.py::test_flake8
[1.037s]   Warning: SelectableGroups dict interface is deprecated. Use select.
[1.037s] 
[1.037s] -- Docs: https://docs.pytest.org/en/stable/warnings.html
[1.037s] - generated xml file: /home/wujiashu0421/Roarm_ROS/build/arm_controller/pytest.xml -
[1.037s] =========================== short test summary info ============================
[1.037s] FAILED test/test_flake8.py::test_flake8 - AssertionError: Found 16 code style...
[1.037s] [31m============== [31m[1m1 failed[0m, [32m1 passed[0m, [33m1 skipped[0m, [33m2 warnings[0m[31m in 0.30s[0m[31m ==============[0m
[1.179s] Invoked command in '/home/wujiashu0421/Roarm_ROS/src/arm_controller' returned '1': AMENT_PREFIX_PATH=/home/wujiashu0421/Roarm_ROS/install/arm_controller:/home/wujiashu0421/Roarm_ROS/install/serial_ctrl:/home/wujiashu0421/Roarm_ROS/install/roarm:/home/wujiashu0421/Roarm_ROS/install/arm_Controller:/home/wujiashu0421/Roarm_ROS/install/Arm_Controller:/opt/ros/humble PYTEST_ADDOPTS=--tb=short --junit-xml=/home/wujiashu0421/Roarm_ROS/build/arm_controller/pytest.xml --junit-prefix=arm_controller -o cache_dir=/home/wujiashu0421/Roarm_ROS/build/arm_controller/.pytest_cache PYTHONPATH=/home/wujiashu0421/Roarm_ROS/build/arm_controller:/home/wujiashu0421/Roarm_ROS/install/arm_controller/lib/python3.10/site-packages:/home/wujiashu0421/Roarm_ROS/build/serial_ctrl:/home/wujiashu0421/Roarm_ROS/install/serial_ctrl/lib/python3.10/site-packages:/home/wujiashu0421/Roarm_ROS/build/arm_Controller:/home/wujiashu0421/Roarm_ROS/install/arm_Controller/lib/python3.10/site-packages:/home/wujiashu0421/Roarm_ROS/build/Arm_Controller:/home/wujiashu0421/Roarm_ROS/install/Arm_Controller/lib/python3.10/site-packages:/opt/ros/humble/lib/python3.10/site-packages:/opt/ros/humble/local/lib/python3.10/dist-packages /usr/bin/python3 -m pytest
