[1m============================= test session starts ==============================[0m
platform linux -- Python 3.10.12, pytest-6.2.5, py-1.10.0, pluggy-0.13.0
cachedir: /home/wujiashu0421/Roarm_ROS/build/serial_ctrl/.pytest_cache
rootdir: /home/wujiashu0421/Roarm_ROS/src/roarm_ws_em0/src/serial_ctrl
plugins: ament-xmllint-0.12.9, launch-testing-1.0.4, ament-pep257-0.12.9, ament-lint-0.12.9, ament-copyright-0.12.9, launch-testing-ros-0.19.6, ament-flake8-0.12.9, colcon-core-0.15.1, cov-3.0.0
[1mcollecting ... [0m[1m
collected 3 items                                                              [0m

test/test_copyright.py [33ms[0m[32m                                                 [ 33%][0m
test/test_flake8.py [31mF[0m[31m                                                    [ 66%][0m
test/test_pep257.py [32m.[0m[31m                                                    [100%][0m

=================================== FAILURES ===================================
[31m[1m_________________________________ test_flake8 __________________________________[0m
[1m[31mtest/test_flake8.py[0m:23: in test_flake8
    [94massert[39;49;00m rc == [94m0[39;49;00m, \
[1m[31mE   AssertionError: Found 28 code style errors / warnings:[0m
[1m[31mE     ./setup.py:23:9: W191 indentation contains tabs[0m
[1m[31mE     ./setup.py:23:9: E101 indentation contains mixed spaces and tabs[0m
[1m[31mE     ./serial_ctrl/serial_ctrl.py:3:1: F401 'array' imported but unused[0m
[1m[31mE     ./serial_ctrl/serial_ctrl.py:6:1: F401 'std_msgs.msg.Float64' imported but unused[0m
[1m[31mE     ./serial_ctrl/serial_ctrl.py:9:1: F401 'serial' imported but unused[0m
[1m[31mE     ./serial_ctrl/serial_ctrl.py:12:1: E265 block comment should start with '# '[0m
[1m[31mE     ./serial_ctrl/serial_ctrl.py:14:20: W291 trailing whitespace[0m
[1m[31mE     ./serial_ctrl/serial_ctrl.py:18:1: E303 too many blank lines (3)[0m
[1m[31mE     ./serial_ctrl/serial_ctrl.py:18:100: E501 line too long (104 > 99 characters)[0m
[1m[31mE     ./serial_ctrl/serial_ctrl.py:19:1: E302 expected 2 blank lines, found 3[0m
[1m[31mE     ./serial_ctrl/serial_ctrl.py:30:1: W293 blank line contains whitespace[0m
[1m[31mE     ./serial_ctrl/serial_ctrl.py:32:5: E303 too many blank lines (2)[0m
[1m[31mE     ./serial_ctrl/serial_ctrl.py:33:5: E301 expected 1 blank line, found 0[0m
[1m[31mE     ./serial_ctrl/serial_ctrl.py:42:31: E231 missing whitespace after ':'[0m
[1m[31mE     ./serial_ctrl/serial_ctrl.py:42:35: E231 missing whitespace after ','[0m
[1m[31mE     ./serial_ctrl/serial_ctrl.py:42:42: E231 missing whitespace after ':'[0m
[1m[31mE     ./serial_ctrl/serial_ctrl.py:42:47: E231 missing whitespace after ','[0m
[1m[31mE     ./serial_ctrl/serial_ctrl.py:42:58: E231 missing whitespace after ':'[0m
[1m[31mE     ./serial_ctrl/serial_ctrl.py:42:63: E231 missing whitespace after ','[0m
[1m[31mE     ./serial_ctrl/serial_ctrl.py:42:71: E231 missing whitespace after ':'[0m
[1m[31mE     ./serial_ctrl/serial_ctrl.py:42:76: E231 missing whitespace after ','[0m
[1m[31mE     ./serial_ctrl/serial_ctrl.py:42:83: E231 missing whitespace after ':'[0m
[1m[31mE     ./serial_ctrl/serial_ctrl.py:42:98: E231 missing whitespace after ','[0m
[1m[31mE     ./serial_ctrl/serial_ctrl.py:42:100: E501 line too long (122 > 99 characters)[0m
[1m[31mE     ./serial_ctrl/serial_ctrl.py:42:104: E231 missing whitespace after ':'[0m
[1m[31mE     ./serial_ctrl/serial_ctrl.py:42:106: E231 missing whitespace after ','[0m
[1m[31mE     ./serial_ctrl/serial_ctrl.py:42:112: E231 missing whitespace after ':'[0m
[1m[31mE     ./serial_ctrl/serial_ctrl.py:43:9: E265 block comment should start with '# '[0m
[1m[31mE   assert 1 == 0[0m
----------------------------- Captured stdout call -----------------------------

./setup.py:23:9: W191 indentation contains tabs
        	'serial_ctrl = serial_ctrl.serial_ctrl_py:main'
        ^

./setup.py:23:9: E101 indentation contains mixed spaces and tabs
        	'serial_ctrl = serial_ctrl.serial_ctrl_py:main'
        ^

./serial_ctrl/serial_ctrl.py:3:1: F401 'array' imported but unused
import array
^

./serial_ctrl/serial_ctrl.py:6:1: F401 'std_msgs.msg.Float64' imported but unused
from std_msgs.msg import Float64
^

./serial_ctrl/serial_ctrl.py:9:1: F401 'serial' imported but unused
import serial
^

./serial_ctrl/serial_ctrl.py:12:1: E265 block comment should start with '# '
#ser = serial.Serial("/dev/ttyUSB0",115200)
^

./serial_ctrl/serial_ctrl.py:14:20: W291 trailing whitespace
# ROS service which 
                   ^

./serial_ctrl/serial_ctrl.py:18:1: E303 too many blank lines (3)
# Subscriber which listens to any published joint state information which then commands the arm to move.
^

./serial_ctrl/serial_ctrl.py:18:100: E501 line too long (104 > 99 characters)
# Subscriber which listens to any published joint state information which then commands the arm to move.
                                                                                                   ^

./serial_ctrl/serial_ctrl.py:19:1: E302 expected 2 blank lines, found 3
class ControlSubscriber(Node):
^

./serial_ctrl/serial_ctrl.py:30:1: W293 blank line contains whitespace
    
^

./serial_ctrl/serial_ctrl.py:32:5: E303 too many blank lines (2)
    # Get arm position
    ^

./serial_ctrl/serial_ctrl.py:33:5: E301 expected 1 blank line, found 0
    def posGet(self, radInput, direcInput, multiInput):
    ^

./serial_ctrl/serial_ctrl.py:42:31: E231 missing whitespace after ':'
        data = json.dumps({'T':102,'base':a[0],'shoulder':a[1],'elbow':a[2],'hand':a[3]+3.1415926,'spd':0,'acc':0}) + "\n"
                              ^

./serial_ctrl/serial_ctrl.py:42:35: E231 missing whitespace after ','
        data = json.dumps({'T':102,'base':a[0],'shoulder':a[1],'elbow':a[2],'hand':a[3]+3.1415926,'spd':0,'acc':0}) + "\n"
                                  ^

./serial_ctrl/serial_ctrl.py:42:42: E231 missing whitespace after ':'
        data = json.dumps({'T':102,'base':a[0],'shoulder':a[1],'elbow':a[2],'hand':a[3]+3.1415926,'spd':0,'acc':0}) + "\n"
                                         ^

./serial_ctrl/serial_ctrl.py:42:47: E231 missing whitespace after ','
        data = json.dumps({'T':102,'base':a[0],'shoulder':a[1],'elbow':a[2],'hand':a[3]+3.1415926,'spd':0,'acc':0}) + "\n"
                                              ^

./serial_ctrl/serial_ctrl.py:42:58: E231 missing whitespace after ':'
        data = json.dumps({'T':102,'base':a[0],'shoulder':a[1],'elbow':a[2],'hand':a[3]+3.1415926,'spd':0,'acc':0}) + "\n"
                                                         ^

./serial_ctrl/serial_ctrl.py:42:63: E231 missing whitespace after ','
        data = json.dumps({'T':102,'base':a[0],'shoulder':a[1],'elbow':a[2],'hand':a[3]+3.1415926,'spd':0,'acc':0}) + "\n"
                                                              ^

./serial_ctrl/serial_ctrl.py:42:71: E231 missing whitespace after ':'
        data = json.dumps({'T':102,'base':a[0],'shoulder':a[1],'elbow':a[2],'hand':a[3]+3.1415926,'spd':0,'acc':0}) + "\n"
                                                                      ^

./serial_ctrl/serial_ctrl.py:42:76: E231 missing whitespace after ','
        data = json.dumps({'T':102,'base':a[0],'shoulder':a[1],'elbow':a[2],'hand':a[3]+3.1415926,'spd':0,'acc':0}) + "\n"
                                                                           ^

./serial_ctrl/serial_ctrl.py:42:83: E231 missing whitespace after ':'
        data = json.dumps({'T':102,'base':a[0],'shoulder':a[1],'elbow':a[2],'hand':a[3]+3.1415926,'spd':0,'acc':0}) + "\n"
                                                                                  ^

./serial_ctrl/serial_ctrl.py:42:98: E231 missing whitespace after ','
        data = json.dumps({'T':102,'base':a[0],'shoulder':a[1],'elbow':a[2],'hand':a[3]+3.1415926,'spd':0,'acc':0}) + "\n"
                                                                                                 ^

./serial_ctrl/serial_ctrl.py:42:100: E501 line too long (122 > 99 characters)
        data = json.dumps({'T':102,'base':a[0],'shoulder':a[1],'elbow':a[2],'hand':a[3]+3.1415926,'spd':0,'acc':0}) + "\n"
                                                                                                   ^

./serial_ctrl/serial_ctrl.py:42:104: E231 missing whitespace after ':'
        data = json.dumps({'T':102,'base':a[0],'shoulder':a[1],'elbow':a[2],'hand':a[3]+3.1415926,'spd':0,'acc':0}) + "\n"
                                                                                                       ^

./serial_ctrl/serial_ctrl.py:42:106: E231 missing whitespace after ','
        data = json.dumps({'T':102,'base':a[0],'shoulder':a[1],'elbow':a[2],'hand':a[3]+3.1415926,'spd':0,'acc':0}) + "\n"
                                                                                                         ^

./serial_ctrl/serial_ctrl.py:42:112: E231 missing whitespace after ':'
        data = json.dumps({'T':102,'base':a[0],'shoulder':a[1],'elbow':a[2],'hand':a[3]+3.1415926,'spd':0,'acc':0}) + "\n"
                                                                                                               ^

./serial_ctrl/serial_ctrl.py:43:9: E265 block comment should start with '# '
        #ser.write(data.encode())
        ^

1     E101 indentation contains mixed spaces and tabs
13    E231 missing whitespace after ':'
2     E265 block comment should start with '# '
1     E301 expected 1 blank line, found 0
1     E302 expected 2 blank lines, found 3
2     E303 too many blank lines (3)
2     E501 line too long (104 > 99 characters)
3     F401 'array' imported but unused
1     W191 indentation contains tabs
1     W291 trailing whitespace
1     W293 blank line contains whitespace

6 files checked
28 errors

'E'-type errors: 22
'F'-type errors: 3
'W'-type errors: 3

Checked files:

* ./setup.py
* ./serial_ctrl/serial_ctrl.py
* ./serial_ctrl/__init__.py
* ./test/test_flake8.py
* ./test/test_pep257.py
* ./test/test_copyright.py
----------------------------- Captured stderr call -----------------------------
option --max-complexity: please update from optparse string `type=` to argparse callable `type=` -- this will be an error in the future
- generated xml file: /home/wujiashu0421/Roarm_ROS/build/serial_ctrl/pytest.xml -
=========================== short test summary info ============================
FAILED test/test_flake8.py::test_flake8 - AssertionError: Found 28 code style...
[31m============== [31m[1m1 failed[0m, [32m1 passed[0m, [33m1 skipped[0m, [33m2 warnings[0m[31m in 0.27s[0m[31m ==============[0m
