[0.594s] Invoking command in '/home/wujiashu0421/Roarm_ROS/src/roarm_ws_em0/src/serial_ctrl': PYTEST_ADDOPTS=--tb=short --junit-xml=/home/wujiashu0421/Roarm_ROS/build/serial_ctrl/pytest.xml --junit-prefix=serial_ctrl -o cache_dir=/home/wujiashu0421/Roarm_ROS/build/serial_ctrl/.pytest_cache /usr/bin/python3 -m pytest
[0.873s] [1m============================= test session starts ==============================[0m
[0.874s] platform linux -- Python 3.10.12, pytest-6.2.5, py-1.10.0, pluggy-0.13.0
[0.877s] cachedir: /home/wujiashu0421/Roarm_ROS/build/serial_ctrl/.pytest_cache
[0.877s] rootdir: /home/wujiashu0421/Roarm_ROS/src/roarm_ws_em0/src/serial_ctrl
[0.877s] plugins: ament-xmllint-0.12.9, launch-testing-1.0.4, ament-pep257-0.12.9, ament-lint-0.12.9, ament-copyright-0.12.9, launch-testing-ros-0.19.6, ament-flake8-0.12.9, colcon-core-0.15.1, cov-3.0.0
[0.956s] [1mcollecting ... [0m[1m
[0.956s] collected 3 items                                                              [0m
[0.956s] 
[0.963s] test/test_copyright.py [33ms[0m[32m                                                 [ 33%][0m
[1.082s] test/test_flake8.py [31mF[0m[31m                                                    [ 66%][0m
[1.102s] test/test_pep257.py [32m.[0m[31m                                                    [100%][0m
[1.102s] 
[1.102s] =================================== FAILURES ===================================
[1.102s] [31m[1m_________________________________ test_flake8 __________________________________[0m
[1.102s] [1m[31mtest/test_flake8.py[0m:23: in test_flake8
[1.137s]     [94massert[39;49;00m rc == [94m0[39;49;00m, \
[1.137s] [1m[31mE   AssertionError: Found 28 code style errors / warnings:[0m
[1.138s] [1m[31mE     ./setup.py:23:9: W191 indentation contains tabs[0m
[1.138s] [1m[31mE     ./setup.py:23:9: E101 indentation contains mixed spaces and tabs[0m
[1.138s] [1m[31mE     ./serial_ctrl/serial_ctrl.py:3:1: F401 'array' imported but unused[0m
[1.138s] [1m[31mE     ./serial_ctrl/serial_ctrl.py:6:1: F401 'std_msgs.msg.Float64' imported but unused[0m
[1.138s] [1m[31mE     ./serial_ctrl/serial_ctrl.py:9:1: F401 'serial' imported but unused[0m
[1.138s] [1m[31mE     ./serial_ctrl/serial_ctrl.py:12:1: E265 block comment should start with '# '[0m
[1.138s] [1m[31mE     ./serial_ctrl/serial_ctrl.py:14:20: W291 trailing whitespace[0m
[1.138s] [1m[31mE     ./serial_ctrl/serial_ctrl.py:18:1: E303 too many blank lines (3)[0m
[1.138s] [1m[31mE     ./serial_ctrl/serial_ctrl.py:18:100: E501 line too long (104 > 99 characters)[0m
[1.138s] [1m[31mE     ./serial_ctrl/serial_ctrl.py:19:1: E302 expected 2 blank lines, found 3[0m
[1.138s] [1m[31mE     ./serial_ctrl/serial_ctrl.py:30:1: W293 blank line contains whitespace[0m
[1.138s] [1m[31mE     ./serial_ctrl/serial_ctrl.py:32:5: E303 too many blank lines (2)[0m
[1.138s] [1m[31mE     ./serial_ctrl/serial_ctrl.py:33:5: E301 expected 1 blank line, found 0[0m
[1.139s] [1m[31mE     ./serial_ctrl/serial_ctrl.py:42:31: E231 missing whitespace after ':'[0m
[1.139s] [1m[31mE     ./serial_ctrl/serial_ctrl.py:42:35: E231 missing whitespace after ','[0m
[1.139s] [1m[31mE     ./serial_ctrl/serial_ctrl.py:42:42: E231 missing whitespace after ':'[0m
[1.139s] [1m[31mE     ./serial_ctrl/serial_ctrl.py:42:47: E231 missing whitespace after ','[0m
[1.139s] [1m[31mE     ./serial_ctrl/serial_ctrl.py:42:58: E231 missing whitespace after ':'[0m
[1.139s] [1m[31mE     ./serial_ctrl/serial_ctrl.py:42:63: E231 missing whitespace after ','[0m
[1.139s] [1m[31mE     ./serial_ctrl/serial_ctrl.py:42:71: E231 missing whitespace after ':'[0m
[1.139s] [1m[31mE     ./serial_ctrl/serial_ctrl.py:42:76: E231 missing whitespace after ','[0m
[1.139s] [1m[31mE     ./serial_ctrl/serial_ctrl.py:42:83: E231 missing whitespace after ':'[0m
[1.139s] [1m[31mE     ./serial_ctrl/serial_ctrl.py:42:98: E231 missing whitespace after ','[0m
[1.139s] [1m[31mE     ./serial_ctrl/serial_ctrl.py:42:100: E501 line too long (122 > 99 characters)[0m
[1.139s] [1m[31mE     ./serial_ctrl/serial_ctrl.py:42:104: E231 missing whitespace after ':'[0m
[1.139s] [1m[31mE     ./serial_ctrl/serial_ctrl.py:42:106: E231 missing whitespace after ','[0m
[1.139s] [1m[31mE     ./serial_ctrl/serial_ctrl.py:42:112: E231 missing whitespace after ':'[0m
[1.139s] [1m[31mE     ./serial_ctrl/serial_ctrl.py:43:9: E265 block comment should start with '# '[0m
[1.139s] [1m[31mE   assert 1 == 0[0m
[1.139s] ----------------------------- Captured stdout call -----------------------------
[1.139s] 
[1.139s] ./setup.py:23:9: W191 indentation contains tabs
[1.139s]         	'serial_ctrl = serial_ctrl.serial_ctrl_py:main'
[1.140s]         ^
[1.140s] 
[1.140s] ./setup.py:23:9: E101 indentation contains mixed spaces and tabs
[1.140s]         	'serial_ctrl = serial_ctrl.serial_ctrl_py:main'
[1.140s]         ^
[1.140s] 
[1.140s] ./serial_ctrl/serial_ctrl.py:3:1: F401 'array' imported but unused
[1.140s] import array
[1.140s] ^
[1.140s] 
[1.140s] ./serial_ctrl/serial_ctrl.py:6:1: F401 'std_msgs.msg.Float64' imported but unused
[1.140s] from std_msgs.msg import Float64
[1.140s] ^
[1.140s] 
[1.140s] ./serial_ctrl/serial_ctrl.py:9:1: F401 'serial' imported but unused
[1.140s] import serial
[1.140s] ^
[1.140s] 
[1.140s] ./serial_ctrl/serial_ctrl.py:12:1: E265 block comment should start with '# '
[1.140s] #ser = serial.Serial("/dev/ttyUSB0",115200)
[1.140s] ^
[1.141s] 
[1.141s] ./serial_ctrl/serial_ctrl.py:14:20: W291 trailing whitespace
[1.141s] # ROS service which 
[1.141s]                    ^
[1.141s] 
[1.141s] ./serial_ctrl/serial_ctrl.py:18:1: E303 too many blank lines (3)
[1.141s] # Subscriber which listens to any published joint state information which then commands the arm to move.
[1.141s] ^
[1.141s] 
[1.141s] ./serial_ctrl/serial_ctrl.py:18:100: E501 line too long (104 > 99 characters)
[1.141s] # Subscriber which listens to any published joint state information which then commands the arm to move.
[1.141s]                                                                                                    ^
[1.141s] 
[1.141s] ./serial_ctrl/serial_ctrl.py:19:1: E302 expected 2 blank lines, found 3
[1.141s] class ControlSubscriber(Node):
[1.141s] ^
[1.141s] 
[1.141s] ./serial_ctrl/serial_ctrl.py:30:1: W293 blank line contains whitespace
[1.142s]     
[1.142s] ^
[1.142s] 
[1.142s] ./serial_ctrl/serial_ctrl.py:32:5: E303 too many blank lines (2)
[1.142s]     # Get arm position
[1.142s]     ^
[1.142s] 
[1.142s] ./serial_ctrl/serial_ctrl.py:33:5: E301 expected 1 blank line, found 0
[1.142s]     def posGet(self, radInput, direcInput, multiInput):
[1.142s]     ^
[1.142s] 
[1.142s] ./serial_ctrl/serial_ctrl.py:42:31: E231 missing whitespace after ':'
[1.142s]         data = json.dumps({'T':102,'base':a[0],'shoulder':a[1],'elbow':a[2],'hand':a[3]+3.1415926,'spd':0,'acc':0}) + "\n"
[1.142s]                               ^
[1.142s] 
[1.142s] ./serial_ctrl/serial_ctrl.py:42:35: E231 missing whitespace after ','
[1.142s]         data = json.dumps({'T':102,'base':a[0],'shoulder':a[1],'elbow':a[2],'hand':a[3]+3.1415926,'spd':0,'acc':0}) + "\n"
[1.142s]                                   ^
[1.142s] 
[1.143s] ./serial_ctrl/serial_ctrl.py:42:42: E231 missing whitespace after ':'
[1.143s]         data = json.dumps({'T':102,'base':a[0],'shoulder':a[1],'elbow':a[2],'hand':a[3]+3.1415926,'spd':0,'acc':0}) + "\n"
[1.143s]                                          ^
[1.143s] 
[1.143s] ./serial_ctrl/serial_ctrl.py:42:47: E231 missing whitespace after ','
[1.143s]         data = json.dumps({'T':102,'base':a[0],'shoulder':a[1],'elbow':a[2],'hand':a[3]+3.1415926,'spd':0,'acc':0}) + "\n"
[1.143s]                                               ^
[1.143s] 
[1.143s] ./serial_ctrl/serial_ctrl.py:42:58: E231 missing whitespace after ':'
[1.143s]         data = json.dumps({'T':102,'base':a[0],'shoulder':a[1],'elbow':a[2],'hand':a[3]+3.1415926,'spd':0,'acc':0}) + "\n"
[1.143s]                                                          ^
[1.143s] 
[1.143s] ./serial_ctrl/serial_ctrl.py:42:63: E231 missing whitespace after ','
[1.143s]         data = json.dumps({'T':102,'base':a[0],'shoulder':a[1],'elbow':a[2],'hand':a[3]+3.1415926,'spd':0,'acc':0}) + "\n"
[1.143s]                                                               ^
[1.144s] 
[1.144s] ./serial_ctrl/serial_ctrl.py:42:71: E231 missing whitespace after ':'
[1.144s]         data = json.dumps({'T':102,'base':a[0],'shoulder':a[1],'elbow':a[2],'hand':a[3]+3.1415926,'spd':0,'acc':0}) + "\n"
[1.144s]                                                                       ^
[1.144s] 
[1.144s] ./serial_ctrl/serial_ctrl.py:42:76: E231 missing whitespace after ','
[1.144s]         data = json.dumps({'T':102,'base':a[0],'shoulder':a[1],'elbow':a[2],'hand':a[3]+3.1415926,'spd':0,'acc':0}) + "\n"
[1.144s]                                                                            ^
[1.144s] 
[1.144s] ./serial_ctrl/serial_ctrl.py:42:83: E231 missing whitespace after ':'
[1.144s]         data = json.dumps({'T':102,'base':a[0],'shoulder':a[1],'elbow':a[2],'hand':a[3]+3.1415926,'spd':0,'acc':0}) + "\n"
[1.144s]                                                                                   ^
[1.144s] 
[1.144s] ./serial_ctrl/serial_ctrl.py:42:98: E231 missing whitespace after ','
[1.144s]         data = json.dumps({'T':102,'base':a[0],'shoulder':a[1],'elbow':a[2],'hand':a[3]+3.1415926,'spd':0,'acc':0}) + "\n"
[1.144s]                                                                                                  ^
[1.144s] 
[1.144s] ./serial_ctrl/serial_ctrl.py:42:100: E501 line too long (122 > 99 characters)
[1.144s]         data = json.dumps({'T':102,'base':a[0],'shoulder':a[1],'elbow':a[2],'hand':a[3]+3.1415926,'spd':0,'acc':0}) + "\n"
[1.144s]                                                                                                    ^
[1.144s] 
[1.145s] ./serial_ctrl/serial_ctrl.py:42:104: E231 missing whitespace after ':'
[1.145s]         data = json.dumps({'T':102,'base':a[0],'shoulder':a[1],'elbow':a[2],'hand':a[3]+3.1415926,'spd':0,'acc':0}) + "\n"
[1.145s]                                                                                                        ^
[1.145s] 
[1.145s] ./serial_ctrl/serial_ctrl.py:42:106: E231 missing whitespace after ','
[1.145s]         data = json.dumps({'T':102,'base':a[0],'shoulder':a[1],'elbow':a[2],'hand':a[3]+3.1415926,'spd':0,'acc':0}) + "\n"
[1.145s]                                                                                                          ^
[1.145s] 
[1.145s] ./serial_ctrl/serial_ctrl.py:42:112: E231 missing whitespace after ':'
[1.145s]         data = json.dumps({'T':102,'base':a[0],'shoulder':a[1],'elbow':a[2],'hand':a[3]+3.1415926,'spd':0,'acc':0}) + "\n"
[1.145s]                                                                                                                ^
[1.145s] 
[1.145s] ./serial_ctrl/serial_ctrl.py:43:9: E265 block comment should start with '# '
[1.145s]         #ser.write(data.encode())
[1.145s]         ^
[1.145s] 
[1.145s] 1     E101 indentation contains mixed spaces and tabs
[1.146s] 13    E231 missing whitespace after ':'
[1.146s] 2     E265 block comment should start with '# '
[1.146s] 1     E301 expected 1 blank line, found 0
[1.146s] 1     E302 expected 2 blank lines, found 3
[1.146s] 2     E303 too many blank lines (3)
[1.146s] 2     E501 line too long (104 > 99 characters)
[1.146s] 3     F401 'array' imported but unused
[1.146s] 1     W191 indentation contains tabs
[1.146s] 1     W291 trailing whitespace
[1.146s] 1     W293 blank line contains whitespace
[1.146s] 
[1.146s] 6 files checked
[1.146s] 28 errors
[1.146s] 
[1.146s] 'E'-type errors: 22
[1.146s] 'F'-type errors: 3
[1.146s] 'W'-type errors: 3
[1.146s] 
[1.146s] Checked files:
[1.147s] 
[1.147s] * ./setup.py
[1.147s] * ./serial_ctrl/serial_ctrl.py
[1.147s] * ./serial_ctrl/__init__.py
[1.147s] * ./test/test_flake8.py
[1.147s] * ./test/test_pep257.py
[1.147s] * ./test/test_copyright.py
[1.147s] ----------------------------- Captured stderr call -----------------------------
[1.147s] option --max-complexity: please update from optparse string `type=` to argparse callable `type=` -- this will be an error in the future
[1.147s] [33m=============================== warnings summary ===============================[0m
[1.147s] test/test_flake8.py::test_flake8
[1.147s] test/test_flake8.py::test_flake8
[1.147s]   Warning: SelectableGroups dict interface is deprecated. Use select.
[1.147s] 
[1.147s] -- Docs: https://docs.pytest.org/en/stable/warnings.html
[1.147s] - generated xml file: /home/wujiashu0421/Roarm_ROS/build/serial_ctrl/pytest.xml -
[1.147s] =========================== short test summary info ============================
[1.147s] FAILED test/test_flake8.py::test_flake8 - AssertionError: Found 28 code style...
[1.147s] [31m============== [31m[1m1 failed[0m, [32m1 passed[0m, [33m1 skipped[0m, [33m2 warnings[0m[31m in 0.27s[0m[31m ==============[0m
[1.260s] Invoked command in '/home/wujiashu0421/Roarm_ROS/src/roarm_ws_em0/src/serial_ctrl' returned '1': PYTEST_ADDOPTS=--tb=short --junit-xml=/home/wujiashu0421/Roarm_ROS/build/serial_ctrl/pytest.xml --junit-prefix=serial_ctrl -o cache_dir=/home/wujiashu0421/Roarm_ROS/build/serial_ctrl/.pytest_cache /usr/bin/python3 -m pytest
